0 info it worked if it ends with ok
1 verbose cli [ 'C:\\Program Files\\iojs\\\\node.exe',
1 verbose cli   'C:\\Program Files\\iojs\\node_modules\\npm\\bin\\npm-cli.js',
1 verbose cli   'start' ]
2 info using npm@2.4.1
3 info using node@v1.1.0
4 verbose node symlink C:\Program Files\iojs\\node.exe
5 verbose run-script [ 'prestart', 'start', 'poststart' ]
6 info prestart movieSecret@0.0.0
7 info start movieSecret@0.0.0
8 verbose unsafe-perm in lifecycle true
9 info movieSecret@0.0.0 Failed to exec start script
10 verbose stack Error: movieSecret@0.0.0 start: `node ./bin/www`
10 verbose stack Exit status 1
10 verbose stack     at EventEmitter.<anonymous> (C:\Program Files\iojs\node_modules\npm\lib\utils\lifecycle.js:213:16)
10 verbose stack     at EventEmitter.emit (events.js:100:17)
10 verbose stack     at ChildProcess.<anonymous> (C:\Program Files\iojs\node_modules\npm\lib\utils\spawn.js:14:12)
10 verbose stack     at ChildProcess.emit (events.js:100:17)
10 verbose stack     at maybeClose (child_process.js:981:16)
10 verbose stack     at Process.ChildProcess._handle.onexit (child_process.js:1053:5)
11 verbose pkgid movieSecret@0.0.0
12 verbose cwd C:\Users\Kate\NSSProjects\movieSecret\movieSecret
13 error Windows_NT 6.3.9600
14 error argv "C:\\Program Files\\iojs\\\\node.exe" "C:\\Program Files\\iojs\\node_modules\\npm\\bin\\npm-cli.js" "start"
15 error node v1.1.0
16 error npm  v2.4.1
17 error code ELIFECYCLE
18 error movieSecret@0.0.0 start: `node ./bin/www`
18 error Exit status 1
19 error Failed at the movieSecret@0.0.0 start script 'node ./bin/www'.
19 error This is most likely a problem with the movieSecret package,
19 error not with npm itself.
19 error Tell the author that this fails on your system:
19 error     node ./bin/www
19 error You can get their info via:
19 error     npm owner ls movieSecret
19 error There is likely additional logging output above.
20 verbose exit [ 1, true ]
